Determining if the include file features.h exists failed with the following output:
Change Dir: /Users/betty/Downloads/cdn-cache-ai/pingora_cache/target/debug/build/libz-ng-sys-87b6767cc1955227/out/build/CMakeFiles/CMakeTmp

Run Build Command(s):/usr/bin/make -f Makefile cmTC_c421f/fast && /Applications/Xcode.app/Contents/Developer/usr/bin/make  -f CMakeFiles/cmTC_c421f.dir/build.make CMakeFiles/cmTC_c421f.dir/build
Building C object CMakeFiles/cmTC_c421f.dir/CheckIncludeFile.c.o
/usr/bin/cc   -ffunction-sections -fdata-sections -fPIC --target=arm64-apple-macosx -mmacosx-version-min=15.4  -arch arm64 -isysroot /Applications/Xcode.app/Contents/Developer/Platforms/MacOSX.platform/Developer/SDKs/MacOSX15.4.sdk -std=c11 -MD -MT CMakeFiles/cmTC_c421f.dir/CheckIncludeFile.c.o -MF CMakeFiles/cmTC_c421f.dir/CheckIncludeFile.c.o.d -o CMakeFiles/cmTC_c421f.dir/CheckIncludeFile.c.o -c /Users/betty/Downloads/cdn-cache-ai/pingora_cache/target/debug/build/libz-ng-sys-87b6767cc1955227/out/build/CMakeFiles/CMakeTmp/CheckIncludeFile.c
/Users/betty/Downloads/cdn-cache-ai/pingora_cache/target/debug/build/libz-ng-sys-87b6767cc1955227/out/build/CMakeFiles/CMakeTmp/CheckIncludeFile.c:1:10: fatal error: 'features.h' file not found
    1 | #include <features.h>
      |          ^~~~~~~~~~~~
1 error generated.
make[1]: *** [CMakeFiles/cmTC_c421f.dir/CheckIncludeFile.c.o] Error 1
make: *** [cmTC_c421f/fast] Error 2



Determining if the include file sys/auxv.h exists failed with the following output:
Change Dir: /Users/betty/Downloads/cdn-cache-ai/pingora_cache/target/debug/build/libz-ng-sys-87b6767cc1955227/out/build/CMakeFiles/CMakeTmp

Run Build Command(s):/usr/bin/make -f Makefile cmTC_80014/fast && /Applications/Xcode.app/Contents/Developer/usr/bin/make  -f CMakeFiles/cmTC_80014.dir/build.make CMakeFiles/cmTC_80014.dir/build
Building C object CMakeFiles/cmTC_80014.dir/CheckIncludeFile.c.o
/usr/bin/cc   -ffunction-sections -fdata-sections -fPIC --target=arm64-apple-macosx -mmacosx-version-min=15.4  -arch arm64 -isysroot /Applications/Xcode.app/Contents/Developer/Platforms/MacOSX.platform/Developer/SDKs/MacOSX15.4.sdk -std=c11 -MD -MT CMakeFiles/cmTC_80014.dir/CheckIncludeFile.c.o -MF CMakeFiles/cmTC_80014.dir/CheckIncludeFile.c.o.d -o CMakeFiles/cmTC_80014.dir/CheckIncludeFile.c.o -c /Users/betty/Downloads/cdn-cache-ai/pingora_cache/target/debug/build/libz-ng-sys-87b6767cc1955227/out/build/CMakeFiles/CMakeTmp/CheckIncludeFile.c
/Users/betty/Downloads/cdn-cache-ai/pingora_cache/target/debug/build/libz-ng-sys-87b6767cc1955227/out/build/CMakeFiles/CMakeTmp/CheckIncludeFile.c:1:10: fatal error: 'sys/auxv.h' file not found
    1 | #include <sys/auxv.h>
      |          ^~~~~~~~~~~~
1 error generated.
make[1]: *** [CMakeFiles/cmTC_80014.dir/CheckIncludeFile.c.o] Error 1
make: *** [cmTC_80014/fast] Error 2



Determining if the include file linux/auxvec.h exists failed with the following output:
Change Dir: /Users/betty/Downloads/cdn-cache-ai/pingora_cache/target/debug/build/libz-ng-sys-87b6767cc1955227/out/build/CMakeFiles/CMakeTmp

Run Build Command(s):/usr/bin/make -f Makefile cmTC_7eae9/fast && /Applications/Xcode.app/Contents/Developer/usr/bin/make  -f CMakeFiles/cmTC_7eae9.dir/build.make CMakeFiles/cmTC_7eae9.dir/build
Building C object CMakeFiles/cmTC_7eae9.dir/CheckIncludeFile.c.o
/usr/bin/cc   -ffunction-sections -fdata-sections -fPIC --target=arm64-apple-macosx -mmacosx-version-min=15.4  -arch arm64 -isysroot /Applications/Xcode.app/Contents/Developer/Platforms/MacOSX.platform/Developer/SDKs/MacOSX15.4.sdk -std=c11 -MD -MT CMakeFiles/cmTC_7eae9.dir/CheckIncludeFile.c.o -MF CMakeFiles/cmTC_7eae9.dir/CheckIncludeFile.c.o.d -o CMakeFiles/cmTC_7eae9.dir/CheckIncludeFile.c.o -c /Users/betty/Downloads/cdn-cache-ai/pingora_cache/target/debug/build/libz-ng-sys-87b6767cc1955227/out/build/CMakeFiles/CMakeTmp/CheckIncludeFile.c
/Users/betty/Downloads/cdn-cache-ai/pingora_cache/target/debug/build/libz-ng-sys-87b6767cc1955227/out/build/CMakeFiles/CMakeTmp/CheckIncludeFile.c:1:10: fatal error: 'linux/auxvec.h' file not found
    1 | #include <linux/auxvec.h>
      |          ^~~~~~~~~~~~~~~~
1 error generated.
make[1]: *** [CMakeFiles/cmTC_7eae9.dir/CheckIncludeFile.c.o] Error 1
make: *** [cmTC_7eae9/fast] Error 2



Determining size of off64_t failed with the following output:
Change Dir: /Users/betty/Downloads/cdn-cache-ai/pingora_cache/target/debug/build/libz-ng-sys-87b6767cc1955227/out/build/CMakeFiles/CMakeTmp

Run Build Command(s):/usr/bin/make -f Makefile cmTC_67a76/fast && /Applications/Xcode.app/Contents/Developer/usr/bin/make  -f CMakeFiles/cmTC_67a76.dir/build.make CMakeFiles/cmTC_67a76.dir/build
Building C object CMakeFiles/cmTC_67a76.dir/OFF64_T.c.o
/usr/bin/cc -D_LARGEFILE64_SOURCE=1 -D__USE_LARGEFILE64  -ffunction-sections -fdata-sections -fPIC --target=arm64-apple-macosx -mmacosx-version-min=15.4  -arch arm64 -isysroot /Applications/Xcode.app/Contents/Developer/Platforms/MacOSX.platform/Developer/SDKs/MacOSX15.4.sdk -std=c11 -MD -MT CMakeFiles/cmTC_67a76.dir/OFF64_T.c.o -MF CMakeFiles/cmTC_67a76.dir/OFF64_T.c.o.d -o CMakeFiles/cmTC_67a76.dir/OFF64_T.c.o -c /Users/betty/Downloads/cdn-cache-ai/pingora_cache/target/debug/build/libz-ng-sys-87b6767cc1955227/out/build/CMakeFiles/CheckTypeSize/OFF64_T.c
/Users/betty/Downloads/cdn-cache-ai/pingora_cache/target/debug/build/libz-ng-sys-87b6767cc1955227/out/build/CMakeFiles/CheckTypeSize/OFF64_T.c:29:12: error: use of undeclared identifier 'off64_t'
   29 |   ('0' + ((SIZE / 10000)%10)),
      |            ^
/Users/betty/Downloads/cdn-cache-ai/pingora_cache/target/debug/build/libz-ng-sys-87b6767cc1955227/out/build/CMakeFiles/CheckTypeSize/OFF64_T.c:27:22: note: expanded from macro 'SIZE'
   27 | #define SIZE (sizeof(off64_t))
      |                      ^
/Users/betty/Downloads/cdn-cache-ai/pingora_cache/target/debug/build/libz-ng-sys-87b6767cc1955227/out/build/CMakeFiles/CheckTypeSize/OFF64_T.c:30:12: error: use of undeclared identifier 'off64_t'
   30 |   ('0' + ((SIZE / 1000)%10)),
      |            ^
/Users/betty/Downloads/cdn-cache-ai/pingora_cache/target/debug/build/libz-ng-sys-87b6767cc1955227/out/build/CMakeFiles/CheckTypeSize/OFF64_T.c:27:22: note: expanded from macro 'SIZE'
   27 | #define SIZE (sizeof(off64_t))
      |                      ^
/Users/betty/Downloads/cdn-cache-ai/pingora_cache/target/debug/build/libz-ng-sys-87b6767cc1955227/out/build/CMakeFiles/CheckTypeSize/OFF64_T.c:31:12: error: use of undeclared identifier 'off64_t'
   31 |   ('0' + ((SIZE / 100)%10)),
      |            ^
/Users/betty/Downloads/cdn-cache-ai/pingora_cache/target/debug/build/libz-ng-sys-87b6767cc1955227/out/build/CMakeFiles/CheckTypeSize/OFF64_T.c:27:22: note: expanded from macro 'SIZE'
   27 | #define SIZE (sizeof(off64_t))
      |                      ^
/Users/betty/Downloads/cdn-cache-ai/pingora_cache/target/debug/build/libz-ng-sys-87b6767cc1955227/out/build/CMakeFiles/CheckTypeSize/OFF64_T.c:32:12: error: use of undeclared identifier 'off64_t'
   32 |   ('0' + ((SIZE / 10)%10)),
      |            ^
/Users/betty/Downloads/cdn-cache-ai/pingora_cache/target/debug/build/libz-ng-sys-87b6767cc1955227/out/build/CMakeFiles/CheckTypeSize/OFF64_T.c:27:22: note: expanded from macro 'SIZE'
   27 | #define SIZE (sizeof(off64_t))
      |                      ^
/Users/betty/Downloads/cdn-cache-ai/pingora_cache/target/debug/build/libz-ng-sys-87b6767cc1955227/out/build/CMakeFiles/CheckTypeSize/OFF64_T.c:33:12: error: use of undeclared identifier 'off64_t'
   33 |   ('0' +  (SIZE    % 10)),
      |            ^
/Users/betty/Downloads/cdn-cache-ai/pingora_cache/target/debug/build/libz-ng-sys-87b6767cc1955227/out/build/CMakeFiles/CheckTypeSize/OFF64_T.c:27:22: note: expanded from macro 'SIZE'
   27 | #define SIZE (sizeof(off64_t))
      |                      ^
5 errors generated.
make[1]: *** [CMakeFiles/cmTC_67a76.dir/OFF64_T.c.o] Error 1
make: *** [cmTC_67a76/fast] Error 2


/Users/betty/Downloads/cdn-cache-ai/pingora_cache/target/debug/build/libz-ng-sys-87b6767cc1955227/out/build/CMakeFiles/CheckTypeSize/OFF64_T.c:
#include <sys/types.h>
#include <stdint.h>
#include <stddef.h>


#undef KEY
#if defined(__i386)
# define KEY '_','_','i','3','8','6'
#elif defined(__x86_64)
# define KEY '_','_','x','8','6','_','6','4'
#elif defined(__PPC64__)
# define KEY '_','_','P','P','C','6','4','_','_'
#elif defined(__ppc64__)
# define KEY '_','_','p','p','c','6','4','_','_'
#elif defined(__PPC__)
# define KEY '_','_','P','P','C','_','_'
#elif defined(__ppc__)
# define KEY '_','_','p','p','c','_','_'
#elif defined(__aarch64__)
# define KEY '_','_','a','a','r','c','h','6','4','_','_'
#elif defined(__ARM_ARCH_7A__)
# define KEY '_','_','A','R','M','_','A','R','C','H','_','7','A','_','_'
#elif defined(__ARM_ARCH_7S__)
# define KEY '_','_','A','R','M','_','A','R','C','H','_','7','S','_','_'
#endif

#define SIZE (sizeof(off64_t))
static char info_size[] =  {'I', 'N', 'F', 'O', ':', 's','i','z','e','[',
  ('0' + ((SIZE / 10000)%10)),
  ('0' + ((SIZE / 1000)%10)),
  ('0' + ((SIZE / 100)%10)),
  ('0' + ((SIZE / 10)%10)),
  ('0' +  (SIZE    % 10)),
  ']',
#ifdef KEY
  ' ','k','e','y','[', KEY, ']',
#endif
  '\0'};

#ifdef __CLASSIC_C__
int main(argc, argv) int argc; char *argv[];
#else
int main(int argc, char *argv[])
#endif
{
  int require = 0;
  require += info_size[argc];
  (void)argv;
  return require;
}


Determining size of _off64_t failed with the following output:
Change Dir: /Users/betty/Downloads/cdn-cache-ai/pingora_cache/target/debug/build/libz-ng-sys-87b6767cc1955227/out/build/CMakeFiles/CMakeTmp

Run Build Command(s):/usr/bin/make -f Makefile cmTC_47c8c/fast && /Applications/Xcode.app/Contents/Developer/usr/bin/make  -f CMakeFiles/cmTC_47c8c.dir/build.make CMakeFiles/cmTC_47c8c.dir/build
Building C object CMakeFiles/cmTC_47c8c.dir/_OFF64_T.c.o
/usr/bin/cc -D_LARGEFILE64_SOURCE=1 -D__USE_LARGEFILE64  -ffunction-sections -fdata-sections -fPIC --target=arm64-apple-macosx -mmacosx-version-min=15.4  -arch arm64 -isysroot /Applications/Xcode.app/Contents/Developer/Platforms/MacOSX.platform/Developer/SDKs/MacOSX15.4.sdk -std=c11 -MD -MT CMakeFiles/cmTC_47c8c.dir/_OFF64_T.c.o -MF CMakeFiles/cmTC_47c8c.dir/_OFF64_T.c.o.d -o CMakeFiles/cmTC_47c8c.dir/_OFF64_T.c.o -c /Users/betty/Downloads/cdn-cache-ai/pingora_cache/target/debug/build/libz-ng-sys-87b6767cc1955227/out/build/CMakeFiles/CheckTypeSize/_OFF64_T.c
/Users/betty/Downloads/cdn-cache-ai/pingora_cache/target/debug/build/libz-ng-sys-87b6767cc1955227/out/build/CMakeFiles/CheckTypeSize/_OFF64_T.c:29:12: error: use of undeclared identifier '_off64_t'
   29 |   ('0' + ((SIZE / 10000)%10)),
      |            ^
/Users/betty/Downloads/cdn-cache-ai/pingora_cache/target/debug/build/libz-ng-sys-87b6767cc1955227/out/build/CMakeFiles/CheckTypeSize/_OFF64_T.c:27:22: note: expanded from macro 'SIZE'
   27 | #define SIZE (sizeof(_off64_t))
      |                      ^
/Users/betty/Downloads/cdn-cache-ai/pingora_cache/target/debug/build/libz-ng-sys-87b6767cc1955227/out/build/CMakeFiles/CheckTypeSize/_OFF64_T.c:30:12: error: use of undeclared identifier '_off64_t'
   30 |   ('0' + ((SIZE / 1000)%10)),
      |            ^
/Users/betty/Downloads/cdn-cache-ai/pingora_cache/target/debug/build/libz-ng-sys-87b6767cc1955227/out/build/CMakeFiles/CheckTypeSize/_OFF64_T.c:27:22: note: expanded from macro 'SIZE'
   27 | #define SIZE (sizeof(_off64_t))
      |                      ^
/Users/betty/Downloads/cdn-cache-ai/pingora_cache/target/debug/build/libz-ng-sys-87b6767cc1955227/out/build/CMakeFiles/CheckTypeSize/_OFF64_T.c:31:12: error: use of undeclared identifier '_off64_t'
   31 |   ('0' + ((SIZE / 100)%10)),
      |            ^
/Users/betty/Downloads/cdn-cache-ai/pingora_cache/target/debug/build/libz-ng-sys-87b6767cc1955227/out/build/CMakeFiles/CheckTypeSize/_OFF64_T.c:27:22: note: expanded from macro 'SIZE'
   27 | #define SIZE (sizeof(_off64_t))
      |                      ^
/Users/betty/Downloads/cdn-cache-ai/pingora_cache/target/debug/build/libz-ng-sys-87b6767cc1955227/out/build/CMakeFiles/CheckTypeSize/_OFF64_T.c:32:12: error: use of undeclared identifier '_off64_t'
   32 |   ('0' + ((SIZE / 10)%10)),
      |            ^
/Users/betty/Downloads/cdn-cache-ai/pingora_cache/target/debug/build/libz-ng-sys-87b6767cc1955227/out/build/CMakeFiles/CheckTypeSize/_OFF64_T.c:27:22: note: expanded from macro 'SIZE'
   27 | #define SIZE (sizeof(_off64_t))
      |                      ^
/Users/betty/Downloads/cdn-cache-ai/pingora_cache/target/debug/build/libz-ng-sys-87b6767cc1955227/out/build/CMakeFiles/CheckTypeSize/_OFF64_T.c:33:12: error: use of undeclared identifier '_off64_t'
   33 |   ('0' +  (SIZE    % 10)),
      |            ^
/Users/betty/Downloads/cdn-cache-ai/pingora_cache/target/debug/build/libz-ng-sys-87b6767cc1955227/out/build/CMakeFiles/CheckTypeSize/_OFF64_T.c:27:22: note: expanded from macro 'SIZE'
   27 | #define SIZE (sizeof(_off64_t))
      |                      ^
5 errors generated.
make[1]: *** [CMakeFiles/cmTC_47c8c.dir/_OFF64_T.c.o] Error 1
make: *** [cmTC_47c8c/fast] Error 2


/Users/betty/Downloads/cdn-cache-ai/pingora_cache/target/debug/build/libz-ng-sys-87b6767cc1955227/out/build/CMakeFiles/CheckTypeSize/_OFF64_T.c:
#include <sys/types.h>
#include <stdint.h>
#include <stddef.h>


#undef KEY
#if defined(__i386)
# define KEY '_','_','i','3','8','6'
#elif defined(__x86_64)
# define KEY '_','_','x','8','6','_','6','4'
#elif defined(__PPC64__)
# define KEY '_','_','P','P','C','6','4','_','_'
#elif defined(__ppc64__)
# define KEY '_','_','p','p','c','6','4','_','_'
#elif defined(__PPC__)
# define KEY '_','_','P','P','C','_','_'
#elif defined(__ppc__)
# define KEY '_','_','p','p','c','_','_'
#elif defined(__aarch64__)
# define KEY '_','_','a','a','r','c','h','6','4','_','_'
#elif defined(__ARM_ARCH_7A__)
# define KEY '_','_','A','R','M','_','A','R','C','H','_','7','A','_','_'
#elif defined(__ARM_ARCH_7S__)
# define KEY '_','_','A','R','M','_','A','R','C','H','_','7','S','_','_'
#endif

#define SIZE (sizeof(_off64_t))
static char info_size[] =  {'I', 'N', 'F', 'O', ':', 's','i','z','e','[',
  ('0' + ((SIZE / 10000)%10)),
  ('0' + ((SIZE / 1000)%10)),
  ('0' + ((SIZE / 100)%10)),
  ('0' + ((SIZE / 10)%10)),
  ('0' +  (SIZE    % 10)),
  ']',
#ifdef KEY
  ' ','k','e','y','[', KEY, ']',
#endif
  '\0'};

#ifdef __CLASSIC_C__
int main(argc, argv) int argc; char *argv[];
#else
int main(int argc, char *argv[])
#endif
{
  int require = 0;
  require += info_size[argc];
  (void)argv;
  return require;
}


Determining size of __off64_t failed with the following output:
Change Dir: /Users/betty/Downloads/cdn-cache-ai/pingora_cache/target/debug/build/libz-ng-sys-87b6767cc1955227/out/build/CMakeFiles/CMakeTmp

Run Build Command(s):/usr/bin/make -f Makefile cmTC_4b32d/fast && /Applications/Xcode.app/Contents/Developer/usr/bin/make  -f CMakeFiles/cmTC_4b32d.dir/build.make CMakeFiles/cmTC_4b32d.dir/build
Building C object CMakeFiles/cmTC_4b32d.dir/__OFF64_T.c.o
/usr/bin/cc -D_LARGEFILE64_SOURCE=1 -D__USE_LARGEFILE64  -ffunction-sections -fdata-sections -fPIC --target=arm64-apple-macosx -mmacosx-version-min=15.4  -arch arm64 -isysroot /Applications/Xcode.app/Contents/Developer/Platforms/MacOSX.platform/Developer/SDKs/MacOSX15.4.sdk -std=c11 -MD -MT CMakeFiles/cmTC_4b32d.dir/__OFF64_T.c.o -MF CMakeFiles/cmTC_4b32d.dir/__OFF64_T.c.o.d -o CMakeFiles/cmTC_4b32d.dir/__OFF64_T.c.o -c /Users/betty/Downloads/cdn-cache-ai/pingora_cache/target/debug/build/libz-ng-sys-87b6767cc1955227/out/build/CMakeFiles/CheckTypeSize/__OFF64_T.c
/Users/betty/Downloads/cdn-cache-ai/pingora_cache/target/debug/build/libz-ng-sys-87b6767cc1955227/out/build/CMakeFiles/CheckTypeSize/__OFF64_T.c:29:12: error: use of undeclared identifier '__off64_t'
   29 |   ('0' + ((SIZE / 10000)%10)),
      |            ^
/Users/betty/Downloads/cdn-cache-ai/pingora_cache/target/debug/build/libz-ng-sys-87b6767cc1955227/out/build/CMakeFiles/CheckTypeSize/__OFF64_T.c:27:22: note: expanded from macro 'SIZE'
   27 | #define SIZE (sizeof(__off64_t))
      |                      ^
/Users/betty/Downloads/cdn-cache-ai/pingora_cache/target/debug/build/libz-ng-sys-87b6767cc1955227/out/build/CMakeFiles/CheckTypeSize/__OFF64_T.c:30:12: error: use of undeclared identifier '__off64_t'
   30 |   ('0' + ((SIZE / 1000)%10)),
      |            ^
/Users/betty/Downloads/cdn-cache-ai/pingora_cache/target/debug/build/libz-ng-sys-87b6767cc1955227/out/build/CMakeFiles/CheckTypeSize/__OFF64_T.c:27:22: note: expanded from macro 'SIZE'
   27 | #define SIZE (sizeof(__off64_t))
      |                      ^
/Users/betty/Downloads/cdn-cache-ai/pingora_cache/target/debug/build/libz-ng-sys-87b6767cc1955227/out/build/CMakeFiles/CheckTypeSize/__OFF64_T.c:31:12: error: use of undeclared identifier '__off64_t'
   31 |   ('0' + ((SIZE / 100)%10)),
      |            ^
/Users/betty/Downloads/cdn-cache-ai/pingora_cache/target/debug/build/libz-ng-sys-87b6767cc1955227/out/build/CMakeFiles/CheckTypeSize/__OFF64_T.c:27:22: note: expanded from macro 'SIZE'
   27 | #define SIZE (sizeof(__off64_t))
      |                      ^
/Users/betty/Downloads/cdn-cache-ai/pingora_cache/target/debug/build/libz-ng-sys-87b6767cc1955227/out/build/CMakeFiles/CheckTypeSize/__OFF64_T.c:32:12: error: use of undeclared identifier '__off64_t'
   32 |   ('0' + ((SIZE / 10)%10)),
      |            ^
/Users/betty/Downloads/cdn-cache-ai/pingora_cache/target/debug/build/libz-ng-sys-87b6767cc1955227/out/build/CMakeFiles/CheckTypeSize/__OFF64_T.c:27:22: note: expanded from macro 'SIZE'
   27 | #define SIZE (sizeof(__off64_t))
      |                      ^
/Users/betty/Downloads/cdn-cache-ai/pingora_cache/target/debug/build/libz-ng-sys-87b6767cc1955227/out/build/CMakeFiles/CheckTypeSize/__OFF64_T.c:33:12: error: use of undeclared identifier '__off64_t'
   33 |   ('0' +  (SIZE    % 10)),
      |            ^
/Users/betty/Downloads/cdn-cache-ai/pingora_cache/target/debug/build/libz-ng-sys-87b6767cc1955227/out/build/CMakeFiles/CheckTypeSize/__OFF64_T.c:27:22: note: expanded from macro 'SIZE'
   27 | #define SIZE (sizeof(__off64_t))
      |                      ^
5 errors generated.
make[1]: *** [CMakeFiles/cmTC_4b32d.dir/__OFF64_T.c.o] Error 1
make: *** [cmTC_4b32d/fast] Error 2


/Users/betty/Downloads/cdn-cache-ai/pingora_cache/target/debug/build/libz-ng-sys-87b6767cc1955227/out/build/CMakeFiles/CheckTypeSize/__OFF64_T.c:
#include <sys/types.h>
#include <stdint.h>
#include <stddef.h>


#undef KEY
#if defined(__i386)
# define KEY '_','_','i','3','8','6'
#elif defined(__x86_64)
# define KEY '_','_','x','8','6','_','6','4'
#elif defined(__PPC64__)
# define KEY '_','_','P','P','C','6','4','_','_'
#elif defined(__ppc64__)
# define KEY '_','_','p','p','c','6','4','_','_'
#elif defined(__PPC__)
# define KEY '_','_','P','P','C','_','_'
#elif defined(__ppc__)
# define KEY '_','_','p','p','c','_','_'
#elif defined(__aarch64__)
# define KEY '_','_','a','a','r','c','h','6','4','_','_'
#elif defined(__ARM_ARCH_7A__)
# define KEY '_','_','A','R','M','_','A','R','C','H','_','7','A','_','_'
#elif defined(__ARM_ARCH_7S__)
# define KEY '_','_','A','R','M','_','A','R','C','H','_','7','S','_','_'
#endif

#define SIZE (sizeof(__off64_t))
static char info_size[] =  {'I', 'N', 'F', 'O', ':', 's','i','z','e','[',
  ('0' + ((SIZE / 10000)%10)),
  ('0' + ((SIZE / 1000)%10)),
  ('0' + ((SIZE / 100)%10)),
  ('0' + ((SIZE / 10)%10)),
  ('0' +  (SIZE    % 10)),
  ']',
#ifdef KEY
  ' ','k','e','y','[', KEY, ']',
#endif
  '\0'};

#ifdef __CLASSIC_C__
int main(argc, argv) int argc; char *argv[];
#else
int main(int argc, char *argv[])
#endif
{
  int require = 0;
  require += info_size[argc];
  (void)argv;
  return require;
}


Performing C SOURCE FILE Test NEON_AVAILABLE failed with the following output:
Change Dir: /Users/betty/Downloads/cdn-cache-ai/pingora_cache/target/debug/build/libz-ng-sys-87b6767cc1955227/out/build/CMakeFiles/CMakeTmp

Run Build Command(s):/usr/bin/make -f Makefile cmTC_9657f/fast && /Applications/Xcode.app/Contents/Developer/usr/bin/make  -f CMakeFiles/cmTC_9657f.dir/build.make CMakeFiles/cmTC_9657f.dir/build
Building C object CMakeFiles/cmTC_9657f.dir/src.c.o
/usr/bin/cc -DNEON_AVAILABLE  -ffunction-sections -fdata-sections -fPIC --target=arm64-apple-macosx -mmacosx-version-min=15.4 -mfpu=neon  -fno-lto -arch arm64 -isysroot /Applications/Xcode.app/Contents/Developer/Platforms/MacOSX.platform/Developer/SDKs/MacOSX15.4.sdk -std=c11 -MD -MT CMakeFiles/cmTC_9657f.dir/src.c.o -MF CMakeFiles/cmTC_9657f.dir/src.c.o.d -o CMakeFiles/cmTC_9657f.dir/src.c.o -c /Users/betty/Downloads/cdn-cache-ai/pingora_cache/target/debug/build/libz-ng-sys-87b6767cc1955227/out/build/CMakeFiles/CMakeTmp/src.c
clang: error: unsupported option '-mfpu=' for target 'arm64-apple-macosx'
make[1]: *** [CMakeFiles/cmTC_9657f.dir/src.c.o] Error 1
make: *** [cmTC_9657f/fast] Error 2


Source file was:
#if defined(_M_ARM64) || defined(_M_ARM64EC)
        #  include <arm64_neon.h>
        #else
        #  include <arm_neon.h>
        #endif
        int main() { return 0; }
Performing C SOURCE FILE Test HAVE_MARCH_ARMV6 failed with the following output:
Change Dir: /Users/betty/Downloads/cdn-cache-ai/pingora_cache/target/debug/build/libz-ng-sys-87b6767cc1955227/out/build/CMakeFiles/CMakeTmp

Run Build Command(s):/usr/bin/make -f Makefile cmTC_b42cc/fast && /Applications/Xcode.app/Contents/Developer/usr/bin/make  -f CMakeFiles/cmTC_b42cc.dir/build.make CMakeFiles/cmTC_b42cc.dir/build
Building C object CMakeFiles/cmTC_b42cc.dir/src.c.o
/usr/bin/cc -DHAVE_MARCH_ARMV6  -ffunction-sections -fdata-sections -fPIC --target=arm64-apple-macosx -mmacosx-version-min=15.4  -arch arm64 -isysroot /Applications/Xcode.app/Contents/Developer/Platforms/MacOSX.platform/Developer/SDKs/MacOSX15.4.sdk   -march=armv6 -std=c11 -MD -MT CMakeFiles/cmTC_b42cc.dir/src.c.o -MF CMakeFiles/cmTC_b42cc.dir/src.c.o.d -o CMakeFiles/cmTC_b42cc.dir/src.c.o -c /Users/betty/Downloads/cdn-cache-ai/pingora_cache/target/debug/build/libz-ng-sys-87b6767cc1955227/out/build/CMakeFiles/CMakeTmp/src.c
clang: error: unsupported argument 'armv6' to option '-march='
make[1]: *** [CMakeFiles/cmTC_b42cc.dir/src.c.o] Error 1
make: *** [cmTC_b42cc/fast] Error 2


Source file was:
int main(void) { return 0; }
Performing C SOURCE FILE Test HAVE_ARMV6_INLINE_ASM failed with the following output:
Change Dir: /Users/betty/Downloads/cdn-cache-ai/pingora_cache/target/debug/build/libz-ng-sys-87b6767cc1955227/out/build/CMakeFiles/CMakeTmp

Run Build Command(s):/usr/bin/make -f Makefile cmTC_da6e4/fast && /Applications/Xcode.app/Contents/Developer/usr/bin/make  -f CMakeFiles/cmTC_da6e4.dir/build.make CMakeFiles/cmTC_da6e4.dir/build
Building C object CMakeFiles/cmTC_da6e4.dir/src.c.o
/usr/bin/cc -DHAVE_ARMV6_INLINE_ASM  -ffunction-sections -fdata-sections -fPIC --target=arm64-apple-macosx -mmacosx-version-min=15.4   -fno-lto -arch arm64 -isysroot /Applications/Xcode.app/Contents/Developer/Platforms/MacOSX.platform/Developer/SDKs/MacOSX15.4.sdk -std=c11 -MD -MT CMakeFiles/cmTC_da6e4.dir/src.c.o -MF CMakeFiles/cmTC_da6e4.dir/src.c.o.d -o CMakeFiles/cmTC_da6e4.dir/src.c.o -c /Users/betty/Downloads/cdn-cache-ai/pingora_cache/target/debug/build/libz-ng-sys-87b6767cc1955227/out/build/CMakeFiles/CMakeTmp/src.c
/Users/betty/Downloads/cdn-cache-ai/pingora_cache/target/debug/build/libz-ng-sys-87b6767cc1955227/out/build/CMakeFiles/CMakeTmp/src.c:3:65: warning: value size does not match register size specified by the constraint and modifier [-Wasm-operand-widths]
    3 |             __asm__ __volatile__ ( "uqsub16 %0, %1, %2" : "=r" (c) : "r" (a), "r" (b) );
      |                                                                 ^
/Users/betty/Downloads/cdn-cache-ai/pingora_cache/target/debug/build/libz-ng-sys-87b6767cc1955227/out/build/CMakeFiles/CMakeTmp/src.c:3:45: note: use constraint modifier "w"
    3 |             __asm__ __volatile__ ( "uqsub16 %0, %1, %2" : "=r" (c) : "r" (a), "r" (b) );
      |                                             ^~
      |                                             %w0
/Users/betty/Downloads/cdn-cache-ai/pingora_cache/target/debug/build/libz-ng-sys-87b6767cc1955227/out/build/CMakeFiles/CMakeTmp/src.c:3:75: warning: value size does not match register size specified by the constraint and modifier [-Wasm-operand-widths]
    3 |             __asm__ __volatile__ ( "uqsub16 %0, %1, %2" : "=r" (c) : "r" (a), "r" (b) );
      |                                                                           ^
/Users/betty/Downloads/cdn-cache-ai/pingora_cache/target/debug/build/libz-ng-sys-87b6767cc1955227/out/build/CMakeFiles/CMakeTmp/src.c:3:49: note: use constraint modifier "w"
    3 |             __asm__ __volatile__ ( "uqsub16 %0, %1, %2" : "=r" (c) : "r" (a), "r" (b) );
      |                                                 ^~
      |                                                 %w1
/Users/betty/Downloads/cdn-cache-ai/pingora_cache/target/debug/build/libz-ng-sys-87b6767cc1955227/out/build/CMakeFiles/CMakeTmp/src.c:3:84: warning: value size does not match register size specified by the constraint and modifier [-Wasm-operand-widths]
    3 |             __asm__ __volatile__ ( "uqsub16 %0, %1, %2" : "=r" (c) : "r" (a), "r" (b) );
      |                                                                                    ^
/Users/betty/Downloads/cdn-cache-ai/pingora_cache/target/debug/build/libz-ng-sys-87b6767cc1955227/out/build/CMakeFiles/CMakeTmp/src.c:3:53: note: use constraint modifier "w"
    3 |             __asm__ __volatile__ ( "uqsub16 %0, %1, %2" : "=r" (c) : "r" (a), "r" (b) );
      |                                                     ^~
      |                                                     %w2
/Users/betty/Downloads/cdn-cache-ai/pingora_cache/target/debug/build/libz-ng-sys-87b6767cc1955227/out/build/CMakeFiles/CMakeTmp/src.c:3:36: error: unrecognized instruction mnemonic, did you mean: uqsub?
    3 |             __asm__ __volatile__ ( "uqsub16 %0, %1, %2" : "=r" (c) : "r" (a), "r" (b) );
      |                                    ^
<inline asm>:1:2: note: instantiated into assembly here
    1 |         uqsub16 x8, x8, x9
      |         ^
3 warnings and 1 error generated.
make[1]: *** [CMakeFiles/cmTC_da6e4.dir/src.c.o] Error 1
make: *** [cmTC_da6e4/fast] Error 2


Source file was:
unsigned int f(unsigned int a, unsigned int b) {
            unsigned int c;
            __asm__ __volatile__ ( "uqsub16 %0, %1, %2" : "=r" (c) : "r" (a), "r" (b) );
            return (int)c;
        }
        int main(void) { return f(1,2); }
Performing C SOURCE FILE Test HAVE_ARMV6_INTRIN failed with the following output:
Change Dir: /Users/betty/Downloads/cdn-cache-ai/pingora_cache/target/debug/build/libz-ng-sys-87b6767cc1955227/out/build/CMakeFiles/CMakeTmp

Run Build Command(s):/usr/bin/make -f Makefile cmTC_e5a60/fast && /Applications/Xcode.app/Contents/Developer/usr/bin/make  -f CMakeFiles/cmTC_e5a60.dir/build.make CMakeFiles/cmTC_e5a60.dir/build
Building C object CMakeFiles/cmTC_e5a60.dir/src.c.o
/usr/bin/cc -DHAVE_ARMV6_INTRIN  -ffunction-sections -fdata-sections -fPIC --target=arm64-apple-macosx -mmacosx-version-min=15.4   -fno-lto -arch arm64 -isysroot /Applications/Xcode.app/Contents/Developer/Platforms/MacOSX.platform/Developer/SDKs/MacOSX15.4.sdk -std=c11 -MD -MT CMakeFiles/cmTC_e5a60.dir/src.c.o -MF CMakeFiles/cmTC_e5a60.dir/src.c.o.d -o CMakeFiles/cmTC_e5a60.dir/src.c.o -c /Users/betty/Downloads/cdn-cache-ai/pingora_cache/target/debug/build/libz-ng-sys-87b6767cc1955227/out/build/CMakeFiles/CMakeTmp/src.c
/Users/betty/Downloads/cdn-cache-ai/pingora_cache/target/debug/build/libz-ng-sys-87b6767cc1955227/out/build/CMakeFiles/CMakeTmp/src.c:10:20: error: call to undeclared function '__uqsub16'; ISO C99 and later do not support implicit function declarations [-Wimplicit-function-declaration]
   10 |             return __uqsub16(a, b);
      |                    ^
1 error generated.
make[1]: *** [CMakeFiles/cmTC_e5a60.dir/src.c.o] Error 1
make: *** [cmTC_e5a60/fast] Error 2


Source file was:
#if defined(_MSC_VER)
        #include <intrin.h>
        #else
        #include <arm_acle.h>
        #endif
        unsigned int f(unsigned int a, unsigned int b) {
        #if defined(_MSC_VER)
            return _arm_uqsub16(a, b);
        #else
            return __uqsub16(a, b);
        #endif
        }
        int main(void) { return f(1,2); }
